2023-09-02 22:55:52,555.xtra_p2.INFO ==================================================
2023-09-02 22:55:52,555.xtra_p2.INFO Today is 2023-09-02 at 10:55 PM
2023-09-02 22:55:52,579.xtra_p2.INFO Running on: nt Windows 10
2023-09-02 22:55:52,587.xtra_p2.INFO Python version:  3.11.4
2023-09-02 22:55:52,587.xtra_p2.INFO Python path: C:\Users\ctrog\AppData\Local\Programs\Python\Python311
2023-09-02 22:55:52,587.xtra_p2.INFO Working dir: C:\Users\ctrog\OneDrive\Documents\Data Analytics Masters\GIT Hub\datafun-02-functions
2023-09-02 22:55:52,587.xtra_p2.INFO ==================================================
2023-09-02 22:55:52,587.xtra_p2.INFO CALLING transform_using_keyword_args_with_default_values(input=bearcat,reverse=False)
2023-09-02 22:55:52,587.xtra_p2.INFO the result is bea
2023-09-02 22:55:52,587.xtra_p2.INFO CALLING transform_using_keyword_args_with_default_values(input=bearcat,reverse=True)
2023-09-02 22:55:52,587.xtra_p2.INFO the result is aeb
2023-09-02 22:55:52,587.xtra_p2.INFO CALLING transform_using_keyword_args_with_default_values(input=hello,reverse=True)
2023-09-02 22:55:52,587.xtra_p2.INFO the result is leh
2023-09-02 22:55:52,587.xtra_p2.INFO ===========================================================
2023-09-02 22:55:52,587.xtra_p2.INFO Running doctest.testmod() function to unit test our code
2023-09-02 22:55:52,587.xtra_p2.INFO ===========================================================
2023-09-02 22:55:52,587.xtra_p2.INFO Testing the function
2023-09-02 22:55:52,587.xtra_p2.INFO CALLING transform_using_keyword_args_with_default_values(input=bearcat,reverse=False)
2023-09-02 22:55:52,587.xtra_p2.INFO the result is bea
2023-09-02 22:55:52,587.xtra_p2.INFO CAllING sum_two(1, 2)
2023-09-02 22:55:52,587.xtra_p2.INFO The result is 3
2023-09-02 22:55:52,587.xtra_p2.INFO CAllING sum_two('hello', ' world')
2023-09-02 22:55:52,587.xtra_p2.INFO The result is hello world
2023-09-02 22:55:52,587.xtra_p2.INFO CAllING sum_any_using_args (1, 1, 1, 2)
2023-09-02 22:55:52,595.xtra_p2.INFO The result is 5
2023-09-02 22:55:52,595.xtra_p2.INFO CAllING sum_any_using_args {'a': 1, 'b': 2, 'c': 3}
2023-09-02 22:55:52,595.xtra_p2.INFO The result is 6
2023-09-02 22:55:52,595.xtra_p2.INFO CAllING sum_rectangle_list[1, 1, 3, 3]
2023-09-02 22:55:52,595.xtra_p2.INFO The result is 8
2023-09-02 22:55:52,595.xtra_p2.INFO CAllING sum_two(1, 2)
2023-09-02 22:55:52,595.xtra_p2.INFO The result is 3
2023-09-02 22:55:52,595.xtra_p2.INFO CAllING sum_two('hello', ' world')
2023-09-02 22:55:52,595.xtra_p2.INFO The result is hello world
2023-09-02 22:55:52,595.xtra_p2.INFO CAllING sum_rectangle_list[1, 1, 3, 3]
2023-09-02 22:55:52,595.xtra_p2.INFO The result is 8
2023-09-02 22:55:52,595.xtra_p2.INFO CALLING transform_using_keyword_args_with_default_values(input=bearcat,reverse=False)
2023-09-02 22:55:52,595.xtra_p2.INFO the result is bea
2023-09-02 22:55:52,603.xtra_p2.INFO CALLING transform_using_keyword_args_with_default_values(input=bearcat,reverse=True)
2023-09-02 22:55:52,603.xtra_p2.INFO the result is aeb
2023-09-02 22:55:52,603.xtra_p2.INFO CALLING transform_using_keyword_args_with_default_values(input=hello,reverse=True)
2023-09-02 22:55:52,603.xtra_p2.INFO the result is leh
2023-09-02 22:55:52,603.xtra_p2.INFO CAllING sum_any_using_args (1, 1, 1, 2)
2023-09-02 22:55:52,603.xtra_p2.INFO The result is 5
2023-09-02 22:55:52,603.xtra_p2.INFO CAllING sum_any_using_args {'a': 1, 'b': 2, 'c': 3}
2023-09-02 22:55:52,603.xtra_p2.INFO The result is 6
2023-09-02 22:55:52,611.xtra_p2.INFO All tests passed!
2023-09-02 22:55:52,611.xtra_p2.INFO Script complete. More info in the log file.
